<?xml version="1.0" encoding="UTF-8"?>
<beans xmlns="http://www.springframework.org/schema/beans"
	   xmlns:xsi="http://www.w3.org/2001/XMLSchema-instance"
	   xmlns:elasticsearch="http://www.springframework.org/schema/data/elasticsearch"
	   xsi:schemaLocation="http://www.springframework.org/schema/beans    http://www.springframework.org/schema/beans/spring-beans-3.2.xsd
             http://www.springframework.org/schema/data/elasticsearch http://www.springframework.org/schema/data/elasticsearch/spring-elasticsearch.xsd">

	<!--=== ElasticSearch Configuration ===-->
	<elasticsearch:node-client id="esClient" cluster-name="elasticsearch-musicbrainz" local="true"/>
	
</beans>